<?xml version="1.0" encoding="UTF-8"?>
<!-- Generated by org.testng.reporters.JUnitXMLReporter -->
<testsuite ignored="0" hostname="Sayali" failures="0" tests="4" name="Default test" time="0.196" errors="0" timestamp="2023-11-08T15:49:39 IST">
  <testcase classname="onlinetesting.test1" name="facebook" time="0.043"/>
  <testcase classname="onlinetesting.test1" name="flipcart" time="0.008"/>
  <testcase classname="onlinetesting.test1" name="instagram" time="0.002"/>
  <testcase classname="onlinetesting.test1" name="myntra" time="0.002"/>
</testsuite> <!-- Default test -->
