<?xml version="1.0" encoding="UTF-8"?>
<!-- Generated by org.testng.reporters.JUnitXMLReporter -->
<testsuite ignored="2" hostname="Sayali" failures="0" tests="2" name="Test" time="0.132" errors="0" timestamp="2023-11-08T15:52:36 IST">
  <testcase classname="onlinetesting.test1" name="flipcart" time="0.013"/>
  <testcase classname="onlinetesting.test1" name="myntra" time="0.004"/>
  <testcase classname="onlinetesting.test1" name="facebook" time="0.0">
    <ignored/>
  </testcase> <!-- facebook -->
  <testcase classname="onlinetesting.test1" name="instagram" time="0.0">
    <ignored/>
  </testcase> <!-- instagram -->
</testsuite> <!-- Test -->
