<?xml version="1.0" encoding="UTF-8"?>
<testng-results ignored="0" total="2" passed="2" failed="0" skipped="0">
  <reporter-output>
  </reporter-output>
  <suite started-at="2023-11-08T15:52:36 IST" name="Suite" finished-at="2023-11-08T15:52:36 IST" duration-ms="132">
    <groups>
      <group name="shopping">
        <method signature="test1.flipcart()[pri:0, instance:onlinetesting.test1@1ffaf86]" name="flipcart" class="onlinetesting.test1"/>
        <method signature="test1.myntra()[pri:0, instance:onlinetesting.test1@1ffaf86]" name="myntra" class="onlinetesting.test1"/>
      </group> <!-- shopping -->
    </groups>
    <test started-at="2023-11-08T15:52:36 IST" name="Test" finished-at="2023-11-08T15:52:36 IST" duration-ms="132">
      <class name="onlinetesting.test1">
        <test-method signature="flipcart()[pri:0, instance:onlinetesting.test1@1ffaf86]" started-at="2023-11-08T15:52:36 IST" name="flipcart" finished-at="2023-11-08T15:52:36 IST" duration-ms="13" status="PASS">
          <reporter-output>
          </reporter-output>
        </test-method> <!-- flipcart -->
        <test-method signature="myntra()[pri:0, instance:onlinetesting.test1@1ffaf86]" started-at="2023-11-08T15:52:36 IST" name="myntra" finished-at="2023-11-08T15:52:36 IST" duration-ms="4" status="PASS">
          <reporter-output>
          </reporter-output>
        </test-method> <!-- myntra -->
      </class> <!-- onlinetesting.test1 -->
    </test> <!-- Test -->
  </suite> <!-- Suite -->
</testng-results>
